Using pre-set license
Built from '2020.3/release' branch; Version is '2020.3.1f1 (77a89f25062f) revision 7841951'; Using compiler version '192528614'; Build Type 'Release'
OS: 'Windows 10 Home Single Language; OS build 18363.1440; Version 1909; 64bit' Language: 'ru' Physical Memory: 7103 MB
BatchMode: 1, IsHumanControllingUs: 0, StartBugReporterOnCrash: 0, Is64bit: 1, IsPro: 0

 COMMAND LINE ARGUMENTS:
D:\unity\2020.3.1f1\Editor\Unity.exe
-adb2
-batchMode
-noUpm
-name
AssetImportWorker0
-projectPath
D:/projects_unity/GitHub/New Unity Project
-logFile
Logs/AssetImportWorker0.log
-srvPort
50979
Successfully changed project path to: D:/projects_unity/GitHub/New Unity Project
D:/projects_unity/GitHub/New Unity Project
Using Asset Import Pipeline V2.
Refreshing native plugins compatible for Editor in 34.04 ms, found 0 plugins.
Preloading 0 native plugins for Editor in 0.00 ms.
Initialize engine version: 2020.3.1f1 (77a89f25062f)
[Subsystems] Discovering subsystems at path D:/unity/2020.3.1f1/Editor/Data/Resources/UnitySubsystems
[Subsystems] Discovering subsystems at path D:/projects_unity/GitHub/New Unity Project/Assets
GfxDevice: creating device client; threaded=0
Direct3D:
    Version:  Direct3D 11.0 [level 11.1]
    Renderer: AMD Radeon(TM) Vega 8 Graphics (ID=0x15d8)
    Vendor:   
    VRAM:     3551 MB
    Driver:   26.20.11030.22001
Initialize mono
Mono path[0] = 'D:/unity/2020.3.1f1/Editor/Data/Managed'
Mono path[1] = 'D:/unity/2020.3.1f1/Editor/Data/MonoBleedingEdge/lib/mono/unityjit'
Mono config path = 'D:/unity/2020.3.1f1/Editor/Data/MonoBleedingEdge/etc'
Using monoOptions --debugger-agent=transport=dt_socket,embedding=1,server=y,suspend=n,address=127.0.0.1:56892
Begin MonoManager ReloadAssembly
Registering precompiled unity dll's ...
Register platform support module: D:/unity/2020.3.1f1/Editor/Data/PlaybackEngines/WindowsStandaloneSupport/UnityEditor.WindowsStandalone.Extensions.dll
Registered in 0.002765 seconds.
Native extension for WindowsStandalone target not found
Refreshing native plugins compatible for Editor in 32.56 ms, found 0 plugins.
Preloading 0 native plugins for Editor in 0.00 ms.
Invoked RoslynAnalysisRunner static constructor.
RoslynAnalysisRunner will not be running.
RoslynAnalysisRunner has terminated.
Mono: successfully reloaded assembly
- Completed reload, in  2.988 seconds
Platform modules already initialized, skipping
Registering precompiled user dll's ...
Registered in 0.000877 seconds.
Begin MonoManager ReloadAssembly
Native extension for WindowsStandalone target not found
Refreshing native plugins compatible for Editor in 0.71 ms, found 0 plugins.
Preloading 0 native plugins for Editor in 0.00 ms.
Invoked RoslynAnalysisRunner static constructor.
RoslynAnalysisRunner will not be running.
RoslynAnalysisRunner has terminated.
Mono: successfully reloaded assembly
- Completed reload, in  1.317 seconds
Platform modules already initialized, skipping
========================================================================
Worker process is ready to serve import requests
Launched and connected shader compiler UnityShaderCompiler.exe after 0.09 seconds
Refreshing native plugins compatible for Editor in 0.68 ms, found 0 plugins.
Preloading 0 native plugins for Editor in 0.00 ms.
Unloading 1439 Unused Serialized files (Serialized files now loaded: 0)
System memory in use before: 67.0 MB.
System memory in use after: 67.0 MB.

Unloading 12 unused Assets to reduce memory usage. Loaded Objects now: 1883.
Total: 6.091000 ms (FindLiveObjects: 0.383000 ms CreateObjectMapping: 0.099600 ms MarkObjects: 5.382300 ms  DeleteObjects: 0.223000 ms)

========================================================================
Received Import Request.
  path: Assets/Media/arrow(left).png
  artifactKey: Guid(5eb18e4b127bad5448f12686afd43847) Importer(815301076,1909f56bfc062723c751e8b465ee728b)
Start importing Assets/Media/arrow(left).png using Guid(5eb18e4b127bad5448f12686afd43847) Importer(815301076,1909f56bfc062723c751e8b465ee728b)  -> (artifact id: '6f8cbd1895c9542924c1240e31684875') in 0.211581 seconds
  Import took 0.217409 seconds .

========================================================================
Received Import Request.
  Time since last request: 27.545848 seconds.
  path: Assets/Media/arrow(left).png
  artifactKey: Guid(5eb18e4b127bad5448f12686afd43847) Importer(815301076,1909f56bfc062723c751e8b465ee728b)
Start importing Assets/Media/arrow(left).png using Guid(5eb18e4b127bad5448f12686afd43847) Importer(815301076,1909f56bfc062723c751e8b465ee728b)  -> (artifact id: '56e049d06784cd9eeb0a1c88f7a08a52') in 0.130351 seconds
  Import took 0.137400 seconds .

========================================================================
Received Import Request.
  Time since last request: 167.686835 seconds.
  path: Assets/Media/arrow.png
  artifactKey: Guid(d9ad22166dac7954480b4220b069359e) Importer(815301076,1909f56bfc062723c751e8b465ee728b)
Start importing Assets/Media/arrow.png using Guid(d9ad22166dac7954480b4220b069359e) Importer(815301076,1909f56bfc062723c751e8b465ee728b)  -> (artifact id: 'eb4ea6e37efb46f2c4b7e7fe5920c9fe') in 0.053289 seconds
  Import took 0.061047 seconds .

========================================================================
Received Import Request.
  Time since last request: 27.847506 seconds.
  path: Assets/Media/arrow.png
  artifactKey: Guid(d9ad22166dac7954480b4220b069359e) Importer(815301076,1909f56bfc062723c751e8b465ee728b)
Start importing Assets/Media/arrow.png using Guid(d9ad22166dac7954480b4220b069359e) Importer(815301076,1909f56bfc062723c751e8b465ee728b)  -> (artifact id: '5d36cdd9a4eb1c5664b0e9f5c8c6dc72') in 0.079493 seconds
  Import took 0.085583 seconds .

========================================================================
Received Import Request.
  Time since last request: 207.373581 seconds.
  path: Assets/Media/arrow.png
  artifactKey: Guid(d9ad22166dac7954480b4220b069359e) Importer(815301076,1909f56bfc062723c751e8b465ee728b)
Start importing Assets/Media/arrow.png using Guid(d9ad22166dac7954480b4220b069359e) Importer(815301076,1909f56bfc062723c751e8b465ee728b)  -> (artifact id: 'e274d65daaee8e784d128250f08dc125') in 0.059816 seconds
  Import took 0.065710 seconds .

========================================================================
Received Import Request.
  Time since last request: 0.014008 seconds.
  path: Assets/Media/arrow.png
  artifactKey: Guid(d9ad22166dac7954480b4220b069359e) Importer(815301076,1909f56bfc062723c751e8b465ee728b)
Start importing Assets/Media/arrow.png using Guid(d9ad22166dac7954480b4220b069359e) Importer(815301076,1909f56bfc062723c751e8b465ee728b)  -> (artifact id: 'e274d65daaee8e784d128250f08dc125') in 0.029376 seconds
  Import took 0.035710 seconds .

========================================================================
Received Import Request.
  Time since last request: 12.881094 seconds.
  path: Assets/Media/arrow.png
  artifactKey: Guid(d9ad22166dac7954480b4220b069359e) Importer(815301076,1909f56bfc062723c751e8b465ee728b)
Start importing Assets/Media/arrow.png using Guid(d9ad22166dac7954480b4220b069359e) Importer(815301076,1909f56bfc062723c751e8b465ee728b)  -> (artifact id: '828b14686445d140c38aa495e0a7c8ed') in 0.053052 seconds
  Import took 0.058873 seconds .

========================================================================
Received Import Request.
  Time since last request: 32.026352 seconds.
  path: Assets/Media/arrow.png
  artifactKey: Guid(d9ad22166dac7954480b4220b069359e) Importer(815301076,1909f56bfc062723c751e8b465ee728b)
Start importing Assets/Media/arrow.png using Guid(d9ad22166dac7954480b4220b069359e) Importer(815301076,1909f56bfc062723c751e8b465ee728b)  -> (artifact id: '6bbdb442e94a19353809ce15eb80fde7') in 0.036116 seconds
  Import took 0.041792 seconds .

========================================================================
Received Import Request.
  Time since last request: 138.196769 seconds.
  path: Assets/Media/Daco_2298413.png
  artifactKey: Guid(b451e333e6c8f994eb22cc81452b0c85) Importer(815301076,1909f56bfc062723c751e8b465ee728b)
Start importing Assets/Media/Daco_2298413.png using Guid(b451e333e6c8f994eb22cc81452b0c85) Importer(815301076,1909f56bfc062723c751e8b465ee728b)  -> (artifact id: '1625bf3ddacce95203c8fcb0c7e96ecf') in 0.101091 seconds
  Import took 0.107549 seconds .

========================================================================
Received Import Request.
  Time since last request: 20.065367 seconds.
  path: Assets/Media/Daco_2298413.png
  artifactKey: Guid(b451e333e6c8f994eb22cc81452b0c85) Importer(815301076,1909f56bfc062723c751e8b465ee728b)
Start importing Assets/Media/Daco_2298413.png using Guid(b451e333e6c8f994eb22cc81452b0c85) Importer(815301076,1909f56bfc062723c751e8b465ee728b)  -> (artifact id: 'fb70f86a16507c21c05e0002ba2348d0') in 0.047630 seconds
  Import took 0.055026 seconds .

========================================================================
Received Import Request.
  Time since last request: 118.434464 seconds.
  path: Assets/Media/pngegg.png
  artifactKey: Guid(424ea5bade2a66e45b43b512a809e2d4) Importer(815301076,1909f56bfc062723c751e8b465ee728b)
Start importing Assets/Media/pngegg.png using Guid(424ea5bade2a66e45b43b512a809e2d4) Importer(815301076,1909f56bfc062723c751e8b465ee728b)  -> (artifact id: '9045e0f7590933ef49da3091117ec479') in 0.068836 seconds
  Import took 0.078515 seconds .

========================================================================
Received Import Request.
  Time since last request: 10.759787 seconds.
  path: Assets/Media/pngegg.png
  artifactKey: Guid(424ea5bade2a66e45b43b512a809e2d4) Importer(815301076,1909f56bfc062723c751e8b465ee728b)
Start importing Assets/Media/pngegg.png using Guid(424ea5bade2a66e45b43b512a809e2d4) Importer(815301076,1909f56bfc062723c751e8b465ee728b)  -> (artifact id: 'f23303451707cdba0b6da7078de41a20') in 0.080740 seconds
  Import took 0.090349 seconds .

AssetImportWorkerClient::OnTransportError - code=2 error=End of file
