Using pre-set license
Built from '2020.3/release' branch; Version is '2020.3.1f1 (77a89f25062f) revision 7841951'; Using compiler version '192528614'; Build Type 'Release'
OS: 'Windows 10 Home Single Language; OS build 19042.867; Version 2009; 64bit' Language: 'ru' Physical Memory: 8043 MB
BatchMode: 1, IsHumanControllingUs: 0, StartBugReporterOnCrash: 0, Is64bit: 1, IsPro: 0

 COMMAND LINE ARGUMENTS:
D:\Program Files\2020.3.1f1\Editor\Unity.exe
-adb2
-batchMode
-noUpm
-name
AssetImportWorker2
-projectPath
D:/Program Files/New Unity Project
-logFile
Logs/AssetImportWorker2.log
-srvPort
57060
Successfully changed project path to: D:/Program Files/New Unity Project
D:/Program Files/New Unity Project
Using Asset Import Pipeline V2.
Refreshing native plugins compatible for Editor in 65.19 ms, found 0 plugins.
Preloading 0 native plugins for Editor in 0.00 ms.
Initialize engine version: 2020.3.1f1 (77a89f25062f)
[Subsystems] Discovering subsystems at path D:/Program Files/2020.3.1f1/Editor/Data/Resources/UnitySubsystems
[Subsystems] Discovering subsystems at path D:/Program Files/New Unity Project/Assets
GfxDevice: creating device client; threaded=0
Direct3D:
    Version:  Direct3D 11.0 [level 11.1]
    Renderer: NVIDIA GeForce MX250 (ID=0x1d13)
    Vendor:   
    VRAM:     1983 MB
    Driver:   27.21.14.5763
Initialize mono
Mono path[0] = 'D:/Program Files/2020.3.1f1/Editor/Data/Managed'
Mono path[1] = 'D:/Program Files/2020.3.1f1/Editor/Data/MonoBleedingEdge/lib/mono/unityjit'
Mono config path = 'D:/Program Files/2020.3.1f1/Editor/Data/MonoBleedingEdge/etc'
Using monoOptions --debugger-agent=transport=dt_socket,embedding=1,server=y,suspend=n,address=127.0.0.1:56704
Begin MonoManager ReloadAssembly
Registering precompiled unity dll's ...
Register platform support module: D:/Program Files/2020.3.1f1/Editor/Data/PlaybackEngines/WindowsStandaloneSupport/UnityEditor.WindowsStandalone.Extensions.dll
Registered in 0.002360 seconds.
Native extension for WindowsStandalone target not found
Refreshing native plugins compatible for Editor in 60.59 ms, found 0 plugins.
Preloading 0 native plugins for Editor in 0.00 ms.
Invoked RoslynAnalysisRunner static constructor.
RoslynAnalysisRunner will not be running.
RoslynAnalysisRunner has terminated.
Mono: successfully reloaded assembly
- Completed reload, in  3.752 seconds
Platform modules already initialized, skipping
Registering precompiled user dll's ...
Registered in 0.001077 seconds.
Begin MonoManager ReloadAssembly
Native extension for WindowsStandalone target not found
Refreshing native plugins compatible for Editor in 0.54 ms, found 0 plugins.
Preloading 0 native plugins for Editor in 0.00 ms.
Invoked RoslynAnalysisRunner static constructor.
RoslynAnalysisRunner will not be running.
RoslynAnalysisRunner has terminated.
Mono: successfully reloaded assembly
- Completed reload, in  1.999 seconds
Platform modules already initialized, skipping
========================================================================
Worker process is ready to serve import requests
Launched and connected shader compiler UnityShaderCompiler.exe after 0.30 seconds
Refreshing native plugins compatible for Editor in 1.27 ms, found 0 plugins.
Preloading 0 native plugins for Editor in 0.00 ms.
Unloading 1437 Unused Serialized files (Serialized files now loaded: 0)
System memory in use before: 66.6 MB.
System memory in use after: 66.6 MB.

Unloading 11 unused Assets to reduce memory usage. Loaded Objects now: 1880.
Total: 7.853400 ms (FindLiveObjects: 0.573500 ms CreateObjectMapping: 0.175700 ms MarkObjects: 6.806100 ms  DeleteObjects: 0.294100 ms)

========================================================================
Received Import Request.
  path: Assets/Deleting.cs
  artifactKey: Guid(43d0f74411112d84399b1a22d5b4e6e4) Importer(815301076,1909f56bfc062723c751e8b465ee728b)
Start importing Assets/Deleting.cs using Guid(43d0f74411112d84399b1a22d5b4e6e4) Importer(815301076,1909f56bfc062723c751e8b465ee728b)  -> (artifact id: 'f56b36631950b5b32985e2703292ca66') in 0.096792 seconds
  Import took 0.159612 seconds .

========================================================================
Received Import Request.
  Time since last request: 307.206092 seconds.
  path: Assets/Materials/PlaneMarker.png
  artifactKey: Guid(343f685db3753b14681fee3be8fd2fcd) Importer(815301076,1909f56bfc062723c751e8b465ee728b)
Start importing Assets/Materials/PlaneMarker.png using Guid(343f685db3753b14681fee3be8fd2fcd) Importer(815301076,1909f56bfc062723c751e8b465ee728b)  -> (artifact id: '22e7c6de385976cb0b6dd8bf9fd5ffec') in 0.519455 seconds
  Import took 0.598398 seconds .

========================================================================
Received Import Request.
  Time since last request: 217.988959 seconds.
  path: Assets/Materials/New Material.mat
  artifactKey: Guid(f85d909fbb669414e9482a20d0ce8a2b) Importer(815301076,1909f56bfc062723c751e8b465ee728b)
Start importing Assets/Materials/New Material.mat using Guid(f85d909fbb669414e9482a20d0ce8a2b) Importer(815301076,1909f56bfc062723c751e8b465ee728b)  -> (artifact id: 'b338f64adbaf0834d7ccb0a4e1a4cd89') in 0.580519 seconds
  Import took 0.630938 seconds .

========================================================================
Received Import Request.
  Time since last request: 496.163158 seconds.
  path: Assets
  artifactKey: Guid(00000000000000001000000000000000) Importer(815301076,1909f56bfc062723c751e8b465ee728b)
Start importing Assets using Guid(00000000000000001000000000000000) Importer(815301076,1909f56bfc062723c751e8b465ee728b)  -> (artifact id: 'a6374019befeac6ce670f13ba9960efb') in 0.008658 seconds
  Import took 0.084894 seconds .

========================================================================
Received Import Request.
  Time since last request: 7.792610 seconds.
  path: Assets/Scripts
  artifactKey: Guid(246f3270e15f7a340bac9a5257cea541) Importer(815301076,1909f56bfc062723c751e8b465ee728b)
Start importing Assets/Scripts using Guid(246f3270e15f7a340bac9a5257cea541) Importer(815301076,1909f56bfc062723c751e8b465ee728b)  -> (artifact id: '757a2385566ee3320b62f0970cddbcb6') in 0.007344 seconds
  Import took 0.019565 seconds .

========================================================================
Received Prepare
Registering precompiled user dll's ...
Registered in 0.001037 seconds.
Begin MonoManager ReloadAssembly
Native extension for WindowsStandalone target not found
Refreshing native plugins compatible for Editor in 0.53 ms, found 0 plugins.
Preloading 0 native plugins for Editor in 0.00 ms.
Invoked RoslynAnalysisRunner static constructor.
RoslynAnalysisRunner will not be running.
RoslynAnalysisRunner has terminated.
Mono: successfully reloaded assembly
- Completed reload, in  2.209 seconds
Platform modules already initialized, skipping
Switching build target platform(5) subTarget(0) extendedPlatform(0) -> platform(13) subTarget(524288) extendedPlatform(0)
Refreshing native plugins compatible for Editor in 0.60 ms, found 0 plugins.
Preloading 0 native plugins for Editor in 0.00 ms.
Unloading 1430 Unused Serialized files (Serialized files now loaded: 0)
System memory in use before: 69.5 MB.
System memory in use after: 69.6 MB.

Unloading 6 unused Assets to reduce memory usage. Loaded Objects now: 1925.
Total: 15.927100 ms (FindLiveObjects: 10.340600 ms CreateObjectMapping: 0.294000 ms MarkObjects: 5.062500 ms  DeleteObjects: 0.224600 ms)

AssetImportParameters requested are different than current active one (requested -> active):
  custom:graphics/normal-map-encoding: 01000000000000000000000000000000 -> 02000000000000000000000000000000
========================================================================
Received Import Request.
  Time since last request: 28.699380 seconds.
  path: Assets/Scripts/ProgrammManager.cs
  artifactKey: Guid(43d0f74411112d84399b1a22d5b4e6e4) Importer(815301076,1909f56bfc062723c751e8b465ee728b)
Start importing Assets/Scripts/ProgrammManager.cs using Guid(43d0f74411112d84399b1a22d5b4e6e4) Importer(815301076,1909f56bfc062723c751e8b465ee728b)  -> (artifact id: '72e76eea47d5a82e56a6f3f8424dc8e8') in 0.014350 seconds
  Import took 0.039786 seconds .

========================================================================
Received Prepare
Registering precompiled user dll's ...
Registered in 0.001225 seconds.
Begin MonoManager ReloadAssembly
Native extension for WindowsStandalone target not found
Refreshing native plugins compatible for Editor in 0.87 ms, found 0 plugins.
Preloading 0 native plugins for Editor in 0.00 ms.
Invoked RoslynAnalysisRunner static constructor.
RoslynAnalysisRunner will not be running.
RoslynAnalysisRunner has terminated.
Mono: successfully reloaded assembly
- Completed reload, in  2.278 seconds
Platform modules already initialized, skipping
Switching build target platform(5) subTarget(0) extendedPlatform(0) -> platform(13) subTarget(524288) extendedPlatform(0)
Refreshing native plugins compatible for Editor in 0.81 ms, found 0 plugins.
Preloading 0 native plugins for Editor in 0.00 ms.
Unloading 1430 Unused Serialized files (Serialized files now loaded: 0)
System memory in use before: 69.5 MB.
System memory in use after: 69.6 MB.

Unloading 6 unused Assets to reduce memory usage. Loaded Objects now: 1929.
Total: 4.795000 ms (FindLiveObjects: 0.464300 ms CreateObjectMapping: 0.169900 ms MarkObjects: 4.047100 ms  DeleteObjects: 0.110500 ms)

AssetImportParameters requested are different than current active one (requested -> active):
  custom:graphics/normal-map-encoding: 01000000000000000000000000000000 -> 02000000000000000000000000000000
========================================================================
Received Import Request.
  Time since last request: 17.624148 seconds.
  path: Assets/Media
  artifactKey: Guid(f9a700f7e183ec24187d046b4e25a74c) Importer(815301076,1909f56bfc062723c751e8b465ee728b)
Start importing Assets/Media using Guid(f9a700f7e183ec24187d046b4e25a74c) Importer(815301076,1909f56bfc062723c751e8b465ee728b)  -> (artifact id: 'f477651928f0b6aaa1a6ac53325fec6a') in 0.006796 seconds
  Import took 0.064022 seconds .

========================================================================
Received Prepare
Registering precompiled user dll's ...
Registered in 0.000732 seconds.
Begin MonoManager ReloadAssembly
Native extension for WindowsStandalone target not found
Refreshing native plugins compatible for Editor in 0.52 ms, found 0 plugins.
Preloading 0 native plugins for Editor in 0.00 ms.
Invoked RoslynAnalysisRunner static constructor.
RoslynAnalysisRunner will not be running.
RoslynAnalysisRunner has terminated.
Mono: successfully reloaded assembly
- Completed reload, in  2.187 seconds
Platform modules already initialized, skipping
Switching build target platform(5) subTarget(0) extendedPlatform(0) -> platform(13) subTarget(524288) extendedPlatform(0)
Refreshing native plugins compatible for Editor in 0.63 ms, found 0 plugins.
Preloading 0 native plugins for Editor in 0.00 ms.
Unloading 1431 Unused Serialized files (Serialized files now loaded: 0)
System memory in use before: 69.6 MB.
System memory in use after: 69.7 MB.

Unloading 6 unused Assets to reduce memory usage. Loaded Objects now: 1934.
Total: 3.929000 ms (FindLiveObjects: 0.337000 ms CreateObjectMapping: 0.118700 ms MarkObjects: 3.373100 ms  DeleteObjects: 0.098300 ms)

AssetImportParameters requested are different than current active one (requested -> active):
  custom:graphics/normal-map-encoding: 01000000000000000000000000000000 -> 02000000000000000000000000000000
========================================================================
Received Import Request.
  Time since last request: 225.632323 seconds.
  path: Assets/Scripts/ProgrammManager.cs
  artifactKey: Guid(43d0f74411112d84399b1a22d5b4e6e4) Importer(815301076,1909f56bfc062723c751e8b465ee728b)
Start importing Assets/Scripts/ProgrammManager.cs using Guid(43d0f74411112d84399b1a22d5b4e6e4) Importer(815301076,1909f56bfc062723c751e8b465ee728b)  -> (artifact id: '46fc3572c70729b45dd0e20d2c5c8b5b') in 0.007458 seconds
  Import took 0.114574 seconds .

========================================================================
Received Import Request.
  Time since last request: 1368.766605 seconds.
  path: Assets/Scripts/ProgrammManager.cs
  artifactKey: Guid(43d0f74411112d84399b1a22d5b4e6e4) Importer(815301076,1909f56bfc062723c751e8b465ee728b)
Start importing Assets/Scripts/ProgrammManager.cs using Guid(43d0f74411112d84399b1a22d5b4e6e4) Importer(815301076,1909f56bfc062723c751e8b465ee728b)  -> (artifact id: 'ad69cc06e7c7822503ba2776f6527142') in 0.001360 seconds
  Import took 0.032856 seconds .

========================================================================
Received Import Request.
  Time since last request: 94.836465 seconds.
  path: Assets/XR/XRGeneralSettings.asset
  artifactKey: Guid(493ba693219d6564c872d53fa7b56af2) Importer(815301076,1909f56bfc062723c751e8b465ee728b)
Start importing Assets/XR/XRGeneralSettings.asset using Guid(493ba693219d6564c872d53fa7b56af2) Importer(815301076,1909f56bfc062723c751e8b465ee728b)  -> (artifact id: 'fcd195e9c8aadd2ebf315877f7d8eab8') in 0.086536 seconds
  Import took 0.128293 seconds .

========================================================================
Received Prepare
Registering precompiled user dll's ...
Registered in 0.000415 seconds.
Begin MonoManager ReloadAssembly
Native extension for WindowsStandalone target not found
Refreshing native plugins compatible for Editor in 0.29 ms, found 0 plugins.
Preloading 0 native plugins for Editor in 0.00 ms.
Invoked RoslynAnalysisRunner static constructor.
RoslynAnalysisRunner will not be running.
RoslynAnalysisRunner has terminated.
Mono: successfully reloaded assembly
- Completed reload, in  0.892 seconds
Platform modules already initialized, skipping
Switching build target platform(5) subTarget(0) extendedPlatform(0) -> platform(13) subTarget(524288) extendedPlatform(0)
Refreshing native plugins compatible for Editor in 0.25 ms, found 0 plugins.
Preloading 0 native plugins for Editor in 0.00 ms.
Unloading 1430 Unused Serialized files (Serialized files now loaded: 0)
System memory in use before: 69.6 MB.
System memory in use after: 69.7 MB.

Unloading 7 unused Assets to reduce memory usage. Loaded Objects now: 1937.
Total: 2.037000 ms (FindLiveObjects: 0.176300 ms CreateObjectMapping: 0.053500 ms MarkObjects: 1.756500 ms  DeleteObjects: 0.049100 ms)

AssetImportParameters requested are different than current active one (requested -> active):
  custom:graphics/normal-map-encoding: 01000000000000000000000000000000 -> 02000000000000000000000000000000
========================================================================
Received Import Request.
  Time since last request: 239.366328 seconds.
  path: Assets/Deleting.cs
  artifactKey: Guid(b8429f52eae464f41a1c5044d14b1103) Importer(815301076,1909f56bfc062723c751e8b465ee728b)
Start importing Assets/Deleting.cs using Guid(b8429f52eae464f41a1c5044d14b1103) Importer(815301076,1909f56bfc062723c751e8b465ee728b)  -> (artifact id: '5949275b7a7ed1b2c268b21657c7399c') in 0.011159 seconds
  Import took 0.056510 seconds .

========================================================================
Received Import Request.
  Time since last request: 85.808608 seconds.
  path: Assets/ProgrammManager.cs
  artifactKey: Guid(b8429f52eae464f41a1c5044d14b1103) Importer(815301076,1909f56bfc062723c751e8b465ee728b)
Start importing Assets/ProgrammManager.cs using Guid(b8429f52eae464f41a1c5044d14b1103) Importer(815301076,1909f56bfc062723c751e8b465ee728b)  -> (artifact id: '2bdb932146331ff141e0de1508d1761c') in 0.001530 seconds
  Import took 0.072939 seconds .

========================================================================
Received Prepare
Registering precompiled user dll's ...
Registered in 0.000467 seconds.
Begin MonoManager ReloadAssembly
Native extension for WindowsStandalone target not found
Refreshing native plugins compatible for Editor in 0.27 ms, found 0 plugins.
Preloading 0 native plugins for Editor in 0.00 ms.
Invoked RoslynAnalysisRunner static constructor.
RoslynAnalysisRunner will not be running.
RoslynAnalysisRunner has terminated.
Mono: successfully reloaded assembly
- Completed reload, in  0.818 seconds
Platform modules already initialized, skipping
Switching build target platform(5) subTarget(0) extendedPlatform(0) -> platform(13) subTarget(524288) extendedPlatform(0)
Refreshing native plugins compatible for Editor in 0.24 ms, found 0 plugins.
Preloading 0 native plugins for Editor in 0.00 ms.
Unloading 1430 Unused Serialized files (Serialized files now loaded: 0)
System memory in use before: 69.6 MB.
System memory in use after: 69.7 MB.

Unloading 6 unused Assets to reduce memory usage. Loaded Objects now: 1941.
Total: 7.651500 ms (FindLiveObjects: 0.542100 ms CreateObjectMapping: 0.199000 ms MarkObjects: 6.752400 ms  DeleteObjects: 0.154800 ms)

AssetImportParameters requested are different than current active one (requested -> active):
  custom:graphics/normal-map-encoding: 01000000000000000000000000000000 -> 02000000000000000000000000000000
========================================================================
Received Prepare
Registering precompiled user dll's ...
Registered in 0.000483 seconds.
Begin MonoManager ReloadAssembly
Native extension for WindowsStandalone target not found
Refreshing native plugins compatible for Editor in 0.28 ms, found 0 plugins.
Preloading 0 native plugins for Editor in 0.00 ms.
Invoked RoslynAnalysisRunner static constructor.
RoslynAnalysisRunner will not be running.
RoslynAnalysisRunner has terminated.
Mono: successfully reloaded assembly
- Completed reload, in  0.772 seconds
Platform modules already initialized, skipping
Switching build target platform(5) subTarget(0) extendedPlatform(0) -> platform(13) subTarget(524288) extendedPlatform(0)
Refreshing native plugins compatible for Editor in 0.36 ms, found 0 plugins.
Preloading 0 native plugins for Editor in 0.00 ms.
Unloading 1430 Unused Serialized files (Serialized files now loaded: 0)
System memory in use before: 69.6 MB.
System memory in use after: 69.7 MB.

Unloading 6 unused Assets to reduce memory usage. Loaded Objects now: 1945.
Total: 2.358700 ms (FindLiveObjects: 0.336500 ms CreateObjectMapping: 0.075000 ms MarkObjects: 1.875500 ms  DeleteObjects: 0.070600 ms)

AssetImportParameters requested are different than current active one (requested -> active):
  custom:graphics/normal-map-encoding: 01000000000000000000000000000000 -> 02000000000000000000000000000000
========================================================================
Received Prepare
Refreshing native plugins compatible for Editor in 0.82 ms, found 0 plugins.
Preloading 0 native plugins for Editor in 0.00 ms.
Unloading 3 Unused Serialized files (Serialized files now loaded: 0)
System memory in use before: 41.2 MB.
System memory in use after: 41.3 MB.

Unloading 3 unused Assets to reduce memory usage. Loaded Objects now: 1945.
Total: 2.323300 ms (FindLiveObjects: 0.367100 ms CreateObjectMapping: 0.081600 ms MarkObjects: 1.752200 ms  DeleteObjects: 0.119700 ms)

========================================================================
Received Import Request.
  Time since last request: 669.488358 seconds.
  path: Assets/StreamingAssets
  artifactKey: Guid(ef91abf5177382c4d95c9c99c17645b2) Importer(815301076,1909f56bfc062723c751e8b465ee728b)
Start importing Assets/StreamingAssets using Guid(ef91abf5177382c4d95c9c99c17645b2) Importer(815301076,1909f56bfc062723c751e8b465ee728b)  -> (artifact id: 'a05ad18ac642cca71a53a00a750a2c73') in 0.022714 seconds
  Import took 0.037874 seconds .

========================================================================
Received Prepare
Refreshing native plugins compatible for Editor in 0.65 ms, found 0 plugins.
Preloading 0 native plugins for Editor in 0.00 ms.
Unloading 3 Unused Serialized files (Serialized files now loaded: 0)
System memory in use before: 41.2 MB.
System memory in use after: 41.3 MB.

Unloading 3 unused Assets to reduce memory usage. Loaded Objects now: 1945.
Total: 5.444700 ms (FindLiveObjects: 0.798000 ms CreateObjectMapping: 0.331800 ms MarkObjects: 4.103300 ms  DeleteObjects: 0.104300 ms)

========================================================================
Received Prepare
Refreshing native plugins compatible for Editor in 1.05 ms, found 0 plugins.
Preloading 0 native plugins for Editor in 0.00 ms.
Unloading 3 Unused Serialized files (Serialized files now loaded: 0)
System memory in use before: 41.2 MB.
System memory in use after: 41.3 MB.

Unloading 3 unused Assets to reduce memory usage. Loaded Objects now: 1945.
Total: 4.885600 ms (FindLiveObjects: 0.345200 ms CreateObjectMapping: 0.120500 ms MarkObjects: 4.354300 ms  DeleteObjects: 0.064100 ms)

AssetImportWorkerClient::OnTransportError - code=2 error=End of file
